F 71 30
3 72 30
3 73 30
3 74 30
3 75 30
3 76 30
3 77 30
F 78 30
F 60 31
3 61 31
3 62 31
3 63 31
3 64 31
3 65 31
3 66 31
3 67 31
3 68 31
3 69 31
3 70 31
F 71 31
C 78 31
C 60 32
F 74 32
3 75 32
3 76 32
3 77 32
F 78 32
C 60 33
F 69 33
3 70 33
3 71 33
3 72 33
3 73 33
F 74 33
C 60 34
C 69 34
C 60 35
9 69 35
3 70 35
3 71 35
3 72 35
3 73 35
3 74 35
3 75 35
3 76 35
3 77 35
3 78 35
3 79 35
3 80 35
6 81 35
C 60 36
C 81 36
C 60 37
C 81 37
C 60 38
5 66 38
3 67 38
3 68 38
3 69 38
3 70 38
3 71 38
3 72 38
3 73 38
3 74 38
3 75 38
3 76 38
3 77 38
3 78 38
3 79 38
3 80 38
A 81 38
F 23 39
3 24 39
3 25 39
3 26 39
3 27 39
3 28 39
3 29 39
3 30 39
3 31 39
F 32 39
C 60 39
C 66 39
C 23 40
F 32 40
3 33 40
3 34 40
3 35 40
3 36 40
3 37 40
3 38 40
3 39 40
3 40 40
3 41 40
3 42 40
3 43 40
3 44 40
3 45 40
F 46 40
F 55 40
3 56 40
3 57 40
3 58 40
3 59 40
F 60 40
C 66 40
C 23 41
C 46 41
C 55 41
C 66 41
C 23 42
F 46 42
3 47 42
3 48 42
3 49 42
3 50 42
3 51 42
3 52 42
3 53 42
3 54 42
F 55 42
C 66 42
C 23 43
F 66 43
F 67 43
F 18 44
3 19 44
3 20 44
3 21 44
3 22 44
F 23 44
C 67 44
C 18 45
F 51 45
3 52 45
3 53 45
3 54 45
3 55 45
3 56 45
3 57 45
3 58 45
3 59 45
3 60 45
3 61 45
3 62 45
3 63 45
F 64 45
C 67 45
C 135 45
C 18 46
C 51 46
C 64 46
F 67 46
3 68 46
3 69 46
3 70 46
3 71 46
F 72 46
C 135 46
F 18 47
3 19 47
3 20 47
3 21 47
3 22 47
3 23 47
3 24 47
3 25 47
3 26 47
3 27 47
3 28 47
3 29 47
3 30 47
3 31 47
3 32 47
3 33 47
3 34 47
3 35 47
3 36 47
3 37 47
3 38 47
3 39 47
3 40 47
3 41 47
3 42 47
3 43 47
3 44 47
3 45 47
3 46 47
3 47 47
3 48 47
3 49 47
3 50 47
F 51 47
C 64 47
F 72 47
3 73 47
3 74 47
3 75 47
3 76 47
3 77 47
3 78 47
3 79 47
3 80 47
3 81 47
F 82 47
C 135 47
F 64 48
3 65 48
3 66 48
3 67 48
3 68 48
F 69 48
C 82 48
C 135 48
F 69 49
3 70 49
3 71 49
3 72 49
3 73 49
F 74 49
F 82 49
3 83 49
3 84 49
F 85 49
F 131 49
3 132 49
3 133 49
3 134 49
F 135 49
C 74 50
F 85 50
3 86 50
3 87 50
3 88 50
3 89 50
3 90 50
3 91 50
F 92 50
C 131 50
C 74 51
F 92 51
3 93 51
3 94 51
3 95 51
3 96 51
3 97 51
3 98 51
F 99 51
C 131 51
F 54 52
3 55 52
3 56 52
3 57 52
3 58 52
3 59 52
3 60 52
3 61 52
3 62 52
3 63 52
3 64 52
3 65 52
3 66 52
3 67 52
3 68 52
3 69 52
3 70 52
3 71 52
3 72 52
3 73 52
F 74 52
C 99 52
C 131 52
C 54 53
C 99 53
C 131 53
F 47 54
3 48 54
3 49 54
3 50 54
3 51 54
3 52 54
3 53 54
F 54 54
C 99 54
F 128 54
3 129 54
3 130 54
F 131 54
3 32 55
3 33 55
3 34 55
3 35 55
3 36 55
3 37 55
3 38 55
3 39 55
3 40 55
3 41 55
3 42 55
3 43 55
3 44 55
3 45 55
3 46 55
F 47 55
F 99 55
3 100 55
3 101 55
3 102 55
3 103 55
3 104 55
3 105 55
3 106 55
3 107 55
3 108 55
3 109 55
3 110 55
3 111 55
3 112 55
3 113 55
3 115 55
3 116 55
3 117 55
3 118 55
3 119 55
3 120 55
3 121 55
3 122 55
3 123 55
3 124 55
F 125 55
C 128 55
F 125 56
3 126 56
3 127 56
F 128 56
